<?xml version="1.0" encoding="UTF-8"?>
<testsuite xmlns:xsi="http://www.w3.org/2001/XMLSchema-instance" xsi:noNamespaceSchemaLocation="https://maven.apache.org/surefire/maven-surefire-plugin/xsd/surefire-test-report.xsd" name="TestSuite" time="30.701" tests="4" errors="0" skipped="0" failures="0">
  <properties>
[...]
</properties>
  <testcase name="runScenario" classname="com.ea.SpringBasic.runner.TestRunner" time="16.637"/>
  <testcase name="runScenario" classname="com.ea.SpringBasic.runner.TestRunner" time="4.053"/>
  <testcase name="runScenario" classname="com.ea.SpringBasic.runner.TestRunner" time="4.001"/>
  <testcase name="runScenario" classname="com.ea.SpringBasic.runner.TestRunner" time="4.033"/>
</testsuite>